D:\New Learnings\Angular\CustomerApplicationVS\CustomerApplicationVS\wwwroot\CustomerApp\dist\out-tsc\e2e\src\app.po.js
D:\New Learnings\Angular\CustomerApplicationVS\CustomerApplicationVS\wwwroot\CustomerApp\dist\out-tsc\e2e\src\app.po.js.map
D:\New Learnings\Angular\CustomerApplicationVS\CustomerApplicationVS\wwwroot\CustomerApp\dist\out-tsc\e2e\src\app.e2e-spec.js
D:\New Learnings\Angular\CustomerApplicationVS\CustomerApplicationVS\wwwroot\CustomerApp\dist\out-tsc\e2e\src\app.e2e-spec.js.map
D:\New Learnings\Angular\CustomerApplicationVS\CustomerApplicationVS\wwwroot\CustomerApp\dist\out-tsc\src\CustomerApp\Utility\CustomerApp.Logger.js
D:\New Learnings\Angular\CustomerApplicationVS\CustomerApplicationVS\wwwroot\CustomerApp\dist\out-tsc\src\CustomerApp\Utility\CustomerApp.Logger.js.map
D:\New Learnings\Angular\CustomerApplicationVS\CustomerApplicationVS\wwwroot\CustomerApp\dist\out-tsc\src\CustomerApp\Home\CustomerApp.HomeComponent.js
D:\New Learnings\Angular\CustomerApplicationVS\CustomerApplicationVS\wwwroot\CustomerApp\dist\out-tsc\src\CustomerApp\Home\CustomerApp.HomeComponent.js.map
D:\New Learnings\Angular\CustomerApplicationVS\CustomerApplicationVS\wwwroot\CustomerApp\dist\out-tsc\src\CustomerApp\Home\CustomerApp.MasterPageComponent.js
D:\New Learnings\Angular\CustomerApplicationVS\CustomerApplicationVS\wwwroot\CustomerApp\dist\out-tsc\src\CustomerApp\Home\CustomerApp.MasterPageComponent.js.map
D:\New Learnings\Angular\CustomerApplicationVS\CustomerApplicationVS\wwwroot\CustomerApp\dist\out-tsc\src\CustomerApp\Customer\CustomerApp.model.js
D:\New Learnings\Angular\CustomerApplicationVS\CustomerApplicationVS\wwwroot\CustomerApp\dist\out-tsc\src\CustomerApp\Customer\CustomerApp.model.js.map
D:\New Learnings\Angular\CustomerApplicationVS\CustomerApplicationVS\wwwroot\CustomerApp\dist\out-tsc\src\CustomerApp\Customer\CustomerApp.CustomerComponent.js
D:\New Learnings\Angular\CustomerApplicationVS\CustomerApplicationVS\wwwroot\CustomerApp\dist\out-tsc\src\CustomerApp\Customer\CustomerApp.CustomerComponent.js.map
D:\New Learnings\Angular\CustomerApplicationVS\CustomerApplicationVS\wwwroot\CustomerApp\dist\out-tsc\src\CustomerApp\Utility\CustomerApp.GridComponent.js
D:\New Learnings\Angular\CustomerApplicationVS\CustomerApplicationVS\wwwroot\CustomerApp\dist\out-tsc\src\CustomerApp\Utility\CustomerApp.GridComponent.js.map
D:\New Learnings\Angular\CustomerApplicationVS\CustomerApplicationVS\wwwroot\CustomerApp\dist\out-tsc\src\CustomerApp\Routing\CustomerApp.CustomerRouting.js
D:\New Learnings\Angular\CustomerApplicationVS\CustomerApplicationVS\wwwroot\CustomerApp\dist\out-tsc\src\CustomerApp\Routing\CustomerApp.CustomerRouting.js.map
D:\New Learnings\Angular\CustomerApplicationVS\CustomerApplicationVS\wwwroot\CustomerApp\dist\out-tsc\src\CustomerApp\Utility\Utility.HttpInterceptor.js
D:\New Learnings\Angular\CustomerApplicationVS\CustomerApplicationVS\wwwroot\CustomerApp\dist\out-tsc\src\CustomerApp\Utility\Utility.HttpInterceptor.js.map
D:\New Learnings\Angular\CustomerApplicationVS\CustomerApplicationVS\wwwroot\CustomerApp\dist\out-tsc\src\CustomerApp\Customer\CustomerApp.CustomerModule.js
D:\New Learnings\Angular\CustomerApplicationVS\CustomerApplicationVS\wwwroot\CustomerApp\dist\out-tsc\src\CustomerApp\Customer\CustomerApp.CustomerModule.js.map
D:\New Learnings\Angular\CustomerApplicationVS\CustomerApplicationVS\wwwroot\CustomerApp\dist\out-tsc\src\CustomerApp\Supplier\CustomerApp.SupplierComponent.js
D:\New Learnings\Angular\CustomerApplicationVS\CustomerApplicationVS\wwwroot\CustomerApp\dist\out-tsc\src\CustomerApp\Supplier\CustomerApp.SupplierComponent.js.map
D:\New Learnings\Angular\CustomerApplicationVS\CustomerApplicationVS\wwwroot\CustomerApp\dist\out-tsc\src\CustomerApp\Routing\CustomerApp.SupplierRouting.js
D:\New Learnings\Angular\CustomerApplicationVS\CustomerApplicationVS\wwwroot\CustomerApp\dist\out-tsc\src\CustomerApp\Routing\CustomerApp.SupplierRouting.js.map
D:\New Learnings\Angular\CustomerApplicationVS\CustomerApplicationVS\wwwroot\CustomerApp\dist\out-tsc\src\CustomerApp\Supplier\CustomerApp.SupplierModule.js
D:\New Learnings\Angular\CustomerApplicationVS\CustomerApplicationVS\wwwroot\CustomerApp\dist\out-tsc\src\CustomerApp\Supplier\CustomerApp.SupplierModule.js.map
D:\New Learnings\Angular\CustomerApplicationVS\CustomerApplicationVS\wwwroot\CustomerApp\dist\out-tsc\src\CustomerApp\Routing\CustomerApp.MainRouting.js
D:\New Learnings\Angular\CustomerApplicationVS\CustomerApplicationVS\wwwroot\CustomerApp\dist\out-tsc\src\CustomerApp\Routing\CustomerApp.MainRouting.js.map
D:\New Learnings\Angular\CustomerApplicationVS\CustomerApplicationVS\wwwroot\CustomerApp\dist\out-tsc\src\CustomerApp\Home\CustomerApp.MainModule.js
D:\New Learnings\Angular\CustomerApplicationVS\CustomerApplicationVS\wwwroot\CustomerApp\dist\out-tsc\src\CustomerApp\Home\CustomerApp.MainModule.js.map
D:\New Learnings\Angular\CustomerApplicationVS\CustomerApplicationVS\wwwroot\CustomerApp\dist\out-tsc\src\environments\environment.js
D:\New Learnings\Angular\CustomerApplicationVS\CustomerApplicationVS\wwwroot\CustomerApp\dist\out-tsc\src\environments\environment.js.map
D:\New Learnings\Angular\CustomerApplicationVS\CustomerApplicationVS\wwwroot\CustomerApp\dist\out-tsc\src\main.js
D:\New Learnings\Angular\CustomerApplicationVS\CustomerApplicationVS\wwwroot\CustomerApp\dist\out-tsc\src\main.js.map
D:\New Learnings\Angular\CustomerApplicationVS\CustomerApplicationVS\wwwroot\CustomerApp\dist\out-tsc\src\polyfills.js
D:\New Learnings\Angular\CustomerApplicationVS\CustomerApplicationVS\wwwroot\CustomerApp\dist\out-tsc\src\polyfills.js.map
D:\New Learnings\Angular\CustomerApplicationVS\CustomerApplicationVS\wwwroot\CustomerApp\dist\out-tsc\src\test.js
D:\New Learnings\Angular\CustomerApplicationVS\CustomerApplicationVS\wwwroot\CustomerApp\dist\out-tsc\src\test.js.map
D:\New Learnings\Angular\CustomerApplicationVS\CustomerApplicationVS\wwwroot\CustomerApp\dist\out-tsc\src\environments\environment.prod.js
D:\New Learnings\Angular\CustomerApplicationVS\CustomerApplicationVS\wwwroot\CustomerApp\dist\out-tsc\src\environments\environment.prod.js.map
